0 info it worked if it ends with ok
1 verbose cli [ '/usr/local/bin/node', '/usr/local/bin/npm', 'run', 'start' ]
2 info using npm@3.8.9
3 info using node@v6.2.0
4 verbose run-script [ 'prestart', 'start', 'poststart' ]
5 info lifecycle websoket-demo@1.0.0~prestart: websoket-demo@1.0.0
6 silly lifecycle websoket-demo@1.0.0~prestart: no script for prestart, continuing
7 info lifecycle websoket-demo@1.0.0~start: websoket-demo@1.0.0
8 verbose lifecycle websoket-demo@1.0.0~start: unsafe-perm in lifecycle true
9 verbose lifecycle websoket-demo@1.0.0~start: PATH: /usr/local/lib/node_modules/npm/bin/node-gyp-bin:/Users/yp-tc-m2504/Documents/practise/node/learn-node/WebSoket/node_modules/.bin:/usr/local/bin:/usr/local/bin:/usr/bin:/bin:/usr/sbin:/sbin
10 verbose lifecycle websoket-demo@1.0.0~start: CWD: /Users/yp-tc-m2504/Documents/practise/node/learn-node/WebSoket
11 silly lifecycle websoket-demo@1.0.0~start: Args: [ '-c', 'node app.js' ]
12 silly lifecycle websoket-demo@1.0.0~start: Returned: code: 1  signal: null
13 info lifecycle websoket-demo@1.0.0~start: Failed to exec start script
14 verbose stack Error: websoket-demo@1.0.0 start: `node app.js`
14 verbose stack Exit status 1
14 verbose stack     at EventEmitter.<anonymous> (/usr/local/lib/node_modules/npm/lib/utils/lifecycle.js:245:16)
14 verbose stack     at emitTwo (events.js:106:13)
14 verbose stack     at EventEmitter.emit (events.js:191:7)
14 verbose stack     at ChildProcess.<anonymous> (/usr/local/lib/node_modules/npm/lib/utils/spawn.js:24:14)
14 verbose stack     at emitTwo (events.js:106:13)
14 verbose stack     at ChildProcess.emit (events.js:191:7)
14 verbose stack     at maybeClose (internal/child_process.js:850:16)
14 verbose stack     at Process.ChildProcess._handle.onexit (internal/child_process.js:215:5)
15 verbose pkgid websoket-demo@1.0.0
16 verbose cwd /Users/yp-tc-m2504/Documents/practise/node/learn-node/WebSoket
17 error Darwin 17.2.0
18 error argv "/usr/local/bin/node" "/usr/local/bin/npm" "run" "start"
19 error node v6.2.0
20 error npm  v3.8.9
21 error code ELIFECYCLE
22 error websoket-demo@1.0.0 start: `node app.js`
22 error Exit status 1
23 error Failed at the websoket-demo@1.0.0 start script 'node app.js'.
23 error Make sure you have the latest version of node.js and npm installed.
23 error If you do, this is most likely a problem with the websoket-demo package,
23 error not with npm itself.
23 error Tell the author that this fails on your system:
23 error     node app.js
23 error You can get information on how to open an issue for this project with:
23 error     npm bugs websoket-demo
23 error Or if that isn't available, you can get their info via:
23 error     npm owner ls websoket-demo
23 error There is likely additional logging output above.
24 verbose exit [ 1, true ]
